<?xml version="1.0" encoding="UTF-8"?>
<testng-results skipped="0" failed="0" total="1" passed="1">
  <reporter-output>
  </reporter-output>
  <suite name="Suite" duration-ms="23005" started-at="2019-11-04T10:12:46Z" finished-at="2019-11-04T10:13:10Z">
    <groups>
    </groups>
    <test name="Test" duration-ms="23005" started-at="2019-11-04T10:12:46Z" finished-at="2019-11-04T10:13:10Z">
      <class name="pom.test_facebook">
        <test-method status="PASS" signature="test()[pri:0, instance:pom.test_facebook@67117f44]" name="test" duration-ms="22989" started-at="2019-11-04T15:42:47Z" finished-at="2019-11-04T15:43:10Z">
          <reporter-output>
          </reporter-output>
        </test-method> <!-- test -->
      </class> <!-- pom.test_facebook -->
    </test> <!-- Test -->
  </suite> <!-- Suite -->
</testng-results>
